<?xml version="1.0" encoding="UTF-8"?>
<!-- Generated by org.testng.reporters.JUnitXMLReporter -->
<testsuite ignored="0" hostname="LAPTOP-KHHSQJ3Q" failures="0" tests="3" name="Southbridge Test Automation" time="113.607" errors="0" timestamp="2023-01-09T13:17:56 BRT">
  <testcase classname="test.java.carritocompras.CC_Test" name="CC_QA_Automatizacion" time="23.451"/>
  <testcase classname="test.java.carritocompras.CC_Test" name="CC_QA_Automatizacion" time="22.689"/>
  <testcase classname="test.java.carritocompras.CC_Test" name="CC_QA_Automatizacion" time="20.81"/>
</testsuite> <!-- Southbridge Test Automation -->
