<?xml version="1.0" encoding="UTF-8"?>
<testsuite xmlns:xsi="http://www.w3.org/2001/XMLSchema-instance" xsi:schemaLocation="https://maven.apache.org/surefire/maven-surefire-plugin/xsd/surefire-test-report.xsd" name="TestSuite" time="2.485" tests="9" errors="0" skipped="8" failures="1">
  <properties>
[...]
</properties>
  <testcase name="beforeMethodMethod" classname="test.java.carritocompras.CC_Test" time="2.131">
    <failure message="session not created: This version of ChromeDriver only supports Chrome version 107&#10;Current browser version is 112.0.5615.138 with binary path C:\Program Files\Google\Chrome\Application\chrome.exe&#10;Build info: version: &apos;3.8.1&apos;, revision: &apos;6e95a6684b&apos;, time: &apos;2017-12-01T18:33:54.468Z&apos;&#10;System info: host: &apos;OSCARPEREYRA&apos;, ip: &apos;192.168.0.14&apos;, os.name: &apos;Windows 11&apos;, os.arch: &apos;amd64&apos;, os.version: &apos;10.0&apos;, java.version: &apos;17.0.6&apos;&#10;Driver info: driver.version: ChromeDriver&#10;remote stacktrace: Backtrace:&#10;	Ordinal0 [0x0027ACD3+2075859]&#10;	Ordinal0 [0x0020EE61+1633889]&#10;	Ordinal0 [0x0010B7BD+571325]&#10;	Ordinal0 [0x0012DFCD+712653]&#10;	Ordinal0 [0x00129266+692838]&#10;	Ordinal0 [0x00126BE9+682985]&#10;	Ordinal0 [0x0015DBD3+908243]&#10;	Ordinal0 [0x0015D6AA+906922]&#10;	Ordinal0 [0x00157136+880950]&#10;	Ordinal0 [0x0012FEFD+720637]&#10;	Ordinal0 [0x00130F3F+724799]&#10;	GetHandleVerifier [0x0052EED2+2769538]&#10;	GetHandleVerifier [0x00520D95+2711877]&#10;	GetHandleVerifier [0x0030A03A+521194]&#10;	GetHandleVerifier [0x00308DA0+516432]&#10;	Ordinal0 [0x0021682C+1665068]&#10;	Ordinal0 [0x0021B128+1683752]&#10;	Ordinal0 [0x0021B215+1683989]&#10;	Ordinal0 [0x00226484+1729668]&#10;	BaseThreadInitThunk [0x75D57D49+25]&#10;	RtlInitializeExceptionChain [0x7759B74B+107]&#10;	RtlClearBits [0x7759B6CF+191]&#10;	(No symbol) [0x00000000]&#10;" type="org.openqa.selenium.SessionNotCreatedException">org.openqa.selenium.SessionNotCreatedException: 
session not created: This version of ChromeDriver only supports Chrome version 107
Current browser version is 112.0.5615.138 with binary path C:\Program Files\Google\Chrome\Application\chrome.exe
Build info: version: '3.8.1', revision: '6e95a6684b', time: '2017-12-01T18:33:54.468Z'
System info: host: 'OSCARPEREYRA', ip: '192.168.0.14', os.name: 'Windows 11', os.arch: 'amd64', os.version: '10.0', java.version: '17.0.6'
Driver info: driver.version: ChromeDriver
remote stacktrace: Backtrace:
	Ordinal0 [0x0027ACD3+2075859]
	Ordinal0 [0x0020EE61+1633889]
	Ordinal0 [0x0010B7BD+571325]
	Ordinal0 [0x0012DFCD+712653]
	Ordinal0 [0x00129266+692838]
	Ordinal0 [0x00126BE9+682985]
	Ordinal0 [0x0015DBD3+908243]
	Ordinal0 [0x0015D6AA+906922]
	Ordinal0 [0x00157136+880950]
	Ordinal0 [0x0012FEFD+720637]
	Ordinal0 [0x00130F3F+724799]
	GetHandleVerifier [0x0052EED2+2769538]
	GetHandleVerifier [0x00520D95+2711877]
	GetHandleVerifier [0x0030A03A+521194]
	GetHandleVerifier [0x00308DA0+516432]
	Ordinal0 [0x0021682C+1665068]
	Ordinal0 [0x0021B128+1683752]
	Ordinal0 [0x0021B215+1683989]
	Ordinal0 [0x00226484+1729668]
	BaseThreadInitThunk [0x75D57D49+25]
	RtlInitializeExceptionChain [0x7759B74B+107]
	RtlClearBits [0x7759B6CF+191]
	(No symbol) [0x00000000]

</failure>
    <system-err><![CDATA[Starting ChromeDriver 107.0.5304.62 (1eec40d3a5764881c92085aaee66d25075c159aa-refs/branch-heads/5304@{#942}) on port 64441
Only local connections are allowed.
Please see https://chromedriver.chromium.org/security-considerations for suggestions on keeping ChromeDriver safe.
ChromeDriver was started successfully.
]]></system-err>
  </testcase>
  <testcase name="beforeMethodMethod" classname="test.java.carritocompras.CC_Test" time="0">
    <skipped/>
  </testcase>
  <testcase name="beforeMethodMethod" classname="test.java.carritocompras.CC_Test" time="0">
    <skipped/>
  </testcase>
  <testcase name="CC_QA_Automatizacion" classname="test.java.carritocompras.CC_Test" time="0">
    <skipped message="session not created: This version of ChromeDriver only supports Chrome version 107&#10;Current browser version is 112.0.5615.138 with binary path C:\Program Files\Google\Chrome\Application\chrome.exe&#10;Build info: version: &apos;3.8.1&apos;, revision: &apos;6e95a6684b&apos;, time: &apos;2017-12-01T18:33:54.468Z&apos;&#10;System info: host: &apos;OSCARPEREYRA&apos;, ip: &apos;192.168.0.14&apos;, os.name: &apos;Windows 11&apos;, os.arch: &apos;amd64&apos;, os.version: &apos;10.0&apos;, java.version: &apos;17.0.6&apos;&#10;Driver info: driver.version: ChromeDriver&#10;remote stacktrace: Backtrace:&#10;	Ordinal0 [0x0027ACD3+2075859]&#10;	Ordinal0 [0x0020EE61+1633889]&#10;	Ordinal0 [0x0010B7BD+571325]&#10;	Ordinal0 [0x0012DFCD+712653]&#10;	Ordinal0 [0x00129266+692838]&#10;	Ordinal0 [0x00126BE9+682985]&#10;	Ordinal0 [0x0015DBD3+908243]&#10;	Ordinal0 [0x0015D6AA+906922]&#10;	Ordinal0 [0x00157136+880950]&#10;	Ordinal0 [0x0012FEFD+720637]&#10;	Ordinal0 [0x00130F3F+724799]&#10;	GetHandleVerifier [0x0052EED2+2769538]&#10;	GetHandleVerifier [0x00520D95+2711877]&#10;	GetHandleVerifier [0x0030A03A+521194]&#10;	GetHandleVerifier [0x00308DA0+516432]&#10;	Ordinal0 [0x0021682C+1665068]&#10;	Ordinal0 [0x0021B128+1683752]&#10;	Ordinal0 [0x0021B215+1683989]&#10;	Ordinal0 [0x00226484+1729668]&#10;	BaseThreadInitThunk [0x75D57D49+25]&#10;	RtlInitializeExceptionChain [0x7759B74B+107]&#10;	RtlClearBits [0x7759B6CF+191]&#10;	(No symbol) [0x00000000]&#10;"/>
  </testcase>
  <testcase name="CC_QA_Automatizacion" classname="test.java.carritocompras.CC_Test" time="0">
    <skipped message="session not created: This version of ChromeDriver only supports Chrome version 107&#10;Current browser version is 112.0.5615.138 with binary path C:\Program Files\Google\Chrome\Application\chrome.exe&#10;Build info: version: &apos;3.8.1&apos;, revision: &apos;6e95a6684b&apos;, time: &apos;2017-12-01T18:33:54.468Z&apos;&#10;System info: host: &apos;OSCARPEREYRA&apos;, ip: &apos;192.168.0.14&apos;, os.name: &apos;Windows 11&apos;, os.arch: &apos;amd64&apos;, os.version: &apos;10.0&apos;, java.version: &apos;17.0.6&apos;&#10;Driver info: driver.version: ChromeDriver&#10;remote stacktrace: Backtrace:&#10;	Ordinal0 [0x0027ACD3+2075859]&#10;	Ordinal0 [0x0020EE61+1633889]&#10;	Ordinal0 [0x0010B7BD+571325]&#10;	Ordinal0 [0x0012DFCD+712653]&#10;	Ordinal0 [0x00129266+692838]&#10;	Ordinal0 [0x00126BE9+682985]&#10;	Ordinal0 [0x0015DBD3+908243]&#10;	Ordinal0 [0x0015D6AA+906922]&#10;	Ordinal0 [0x00157136+880950]&#10;	Ordinal0 [0x0012FEFD+720637]&#10;	Ordinal0 [0x00130F3F+724799]&#10;	GetHandleVerifier [0x0052EED2+2769538]&#10;	GetHandleVerifier [0x00520D95+2711877]&#10;	GetHandleVerifier [0x0030A03A+521194]&#10;	GetHandleVerifier [0x00308DA0+516432]&#10;	Ordinal0 [0x0021682C+1665068]&#10;	Ordinal0 [0x0021B128+1683752]&#10;	Ordinal0 [0x0021B215+1683989]&#10;	Ordinal0 [0x00226484+1729668]&#10;	BaseThreadInitThunk [0x75D57D49+25]&#10;	RtlInitializeExceptionChain [0x7759B74B+107]&#10;	RtlClearBits [0x7759B6CF+191]&#10;	(No symbol) [0x00000000]&#10;"/>
  </testcase>
  <testcase name="CC_QA_Automatizacion" classname="test.java.carritocompras.CC_Test" time="0">
    <skipped message="session not created: This version of ChromeDriver only supports Chrome version 107&#10;Current browser version is 112.0.5615.138 with binary path C:\Program Files\Google\Chrome\Application\chrome.exe&#10;Build info: version: &apos;3.8.1&apos;, revision: &apos;6e95a6684b&apos;, time: &apos;2017-12-01T18:33:54.468Z&apos;&#10;System info: host: &apos;OSCARPEREYRA&apos;, ip: &apos;192.168.0.14&apos;, os.name: &apos;Windows 11&apos;, os.arch: &apos;amd64&apos;, os.version: &apos;10.0&apos;, java.version: &apos;17.0.6&apos;&#10;Driver info: driver.version: ChromeDriver&#10;remote stacktrace: Backtrace:&#10;	Ordinal0 [0x0027ACD3+2075859]&#10;	Ordinal0 [0x0020EE61+1633889]&#10;	Ordinal0 [0x0010B7BD+571325]&#10;	Ordinal0 [0x0012DFCD+712653]&#10;	Ordinal0 [0x00129266+692838]&#10;	Ordinal0 [0x00126BE9+682985]&#10;	Ordinal0 [0x0015DBD3+908243]&#10;	Ordinal0 [0x0015D6AA+906922]&#10;	Ordinal0 [0x00157136+880950]&#10;	Ordinal0 [0x0012FEFD+720637]&#10;	Ordinal0 [0x00130F3F+724799]&#10;	GetHandleVerifier [0x0052EED2+2769538]&#10;	GetHandleVerifier [0x00520D95+2711877]&#10;	GetHandleVerifier [0x0030A03A+521194]&#10;	GetHandleVerifier [0x00308DA0+516432]&#10;	Ordinal0 [0x0021682C+1665068]&#10;	Ordinal0 [0x0021B128+1683752]&#10;	Ordinal0 [0x0021B215+1683989]&#10;	Ordinal0 [0x00226484+1729668]&#10;	BaseThreadInitThunk [0x75D57D49+25]&#10;	RtlInitializeExceptionChain [0x7759B74B+107]&#10;	RtlClearBits [0x7759B6CF+191]&#10;	(No symbol) [0x00000000]&#10;"/>
  </testcase>
  <testcase name="afterMethodMethod" classname="test.java.carritocompras.CC_Test" time="0">
    <skipped/>
  </testcase>
  <testcase name="afterMethodMethod" classname="test.java.carritocompras.CC_Test" time="0">
    <skipped/>
  </testcase>
  <testcase name="afterMethodMethod" classname="test.java.carritocompras.CC_Test" time="0">
    <skipped/>
  </testcase>
</testsuite>